<?xml version="1.0" encoding="UTF-8"?>
<testng-results ignored="0" total="5" passed="4" failed="1" skipped="0">
  <reporter-output>
  </reporter-output>
  <suite started-at="2021-03-02T13:27:20Z" name="Surefire suite" finished-at="2021-03-02T13:28:13Z" duration-ms="52596">
    <groups>
      <group name="cucumber">
        <method signature="AbstractTestNGCucumberTests.runScenario(io.cucumber.testng.PickleWrapper, io.cucumber.testng.FeatureWrapper)[pri:0, instance:parallel.ParallelRun@145f66e3]" name="runScenario" class="io.cucumber.testng.AbstractTestNGCucumberTests"/>
      </group> <!-- cucumber -->
    </groups>
    <test started-at="2021-03-02T13:27:20Z" name="Surefire test" finished-at="2021-03-02T13:28:13Z" duration-ms="52596">
      <class name="parallel.ParallelRun">
        <test-method is-config="true" signature="setUpClass()[pri:0, instance:parallel.ParallelRun@145f66e3]" started-at="2021-03-02T13:27:20Z" name="setUpClass" finished-at="2021-03-02T13:27:23Z" duration-ms="2584" status="PASS">
          <reporter-output>
          </reporter-output>
        </test-method> <!-- setUpClass -->
        <test-method signature="runScenario(io.cucumber.testng.PickleWrapper, io.cucumber.testng.FeatureWrapper)[pri:0, instance:parallel.ParallelRun@145f66e3]" started-at="2021-03-02T13:27:23Z" name="runScenario" description="Runs Cucumber Scenarios" data-provider="scenarios" finished-at="2021-03-02T13:27:58Z" duration-ms="35064" status="PASS">
          <params>
            <param index="0">
              <value>
                <![CDATA["Contactus to submit"]]>
              </value>
            </param>
            <param index="1">
              <value>
                <![CDATA["Optional[To Test Contactus]"]]>
              </value>
            </param>
          </params>
          <reporter-output>
          </reporter-output>
        </test-method> <!-- runScenario -->
        <test-method signature="runScenario(io.cucumber.testng.PickleWrapper, io.cucumber.testng.FeatureWrapper)[pri:0, instance:parallel.ParallelRun@145f66e3]" started-at="2021-03-02T13:27:23Z" name="runScenario" description="Runs Cucumber Scenarios" data-provider="scenarios" finished-at="2021-03-02T13:27:23Z" duration-ms="608" status="FAIL">
          <params>
            <param index="0">
              <value>
                <![CDATA["Contactus to submit withoutdata"]]>
              </value>
            </param>
            <param index="1">
              <value>
                <![CDATA["Optional[To Test Contactus]"]]>
              </value>
            </param>
          </params>
          <exception class="java.lang.ClassCastException">
            <message>
              <![CDATA[class io.cucumber.messages.Messages$GherkinDocument$Feature cannot be cast to class io.cucumber.messages.Messages$GherkinDocument$Feature$Scenario$Examples (io.cucumber.messages.Messages$GherkinDocument$Feature and io.cucumber.messages.Messages$GherkinDocument$Feature$Scenario$Examples are in unnamed module of loader 'app')]]>
            </message>
            <full-stacktrace>
              <![CDATA[java.lang.ClassCastException: class io.cucumber.messages.Messages$GherkinDocument$Feature cannot be cast to class io.cucumber.messages.Messages$GherkinDocument$Feature$Scenario$Examples (io.cucumber.messages.Messages$GherkinDocument$Feature and io.cucumber.messages.Messages$GherkinDocument$Feature$Scenario$Examples are in unnamed module of loader 'app')
at com.aventstack.extentreports.cucumber.adapter.ExtentCucumberAdapter.handleScenarioOutline(ExtentCucumberAdapter.java:345)
at com.aventstack.extentreports.cucumber.adapter.ExtentCucumberAdapter.handleTestCaseStarted(ExtentCucumberAdapter.java:157)
at com.aventstack.extentreports.cucumber.adapter.ExtentCucumberAdapter.access$1(ExtentCucumberAdapter.java:155)
at com.aventstack.extentreports.cucumber.adapter.ExtentCucumberAdapter$3.receive(ExtentCucumberAdapter.java:102)
at com.aventstack.extentreports.cucumber.adapter.ExtentCucumberAdapter$3.receive(ExtentCucumberAdapter.java:1)
at io.cucumber.core.eventbus.AbstractEventPublisher.send(AbstractEventPublisher.java:51)
at io.cucumber.core.eventbus.AbstractEventBus.send(AbstractEventBus.java:12)
at io.cucumber.core.runtime.SynchronizedEventBus.send(SynchronizedEventBus.java:47)
at io.cucumber.core.runtime.ThreadLocalRunnerSupplier$LocalEventBus.send(ThreadLocalRunnerSupplier.java:66)
at io.cucumber.core.runner.TestCase.emitTestCaseStarted(TestCase.java:228)
at io.cucumber.core.runner.TestCase.run(TestCase.java:92)
at io.cucumber.core.runner.Runner.runPickle(Runner.java:71)
at io.cucumber.testng.TestNGCucumberRunner.lambda$runScenario$0(TestNGCucumberRunner.java:116)
at io.cucumber.core.runtime.CucumberExecutionContext.runTestCase(CucumberExecutionContext.java:117)
at io.cucumber.testng.TestNGCucumberRunner.runScenario(TestNGCucumberRunner.java:113)
at io.cucumber.testng.AbstractTestNGCucumberTests.runScenario(AbstractTestNGCucumberTests.java:31)
at java.base/jdk.internal.reflect.NativeMethodAccessorImpl.invoke0(Native Method)
at java.base/jdk.internal.reflect.NativeMethodAccessorImpl.invoke(NativeMethodAccessorImpl.java:62)
at java.base/jdk.internal.reflect.DelegatingMethodAccessorImpl.invoke(DelegatingMethodAccessorImpl.java:43)
at java.base/java.lang.reflect.Method.invoke(Method.java:566)
at org.testng.internal.MethodInvocationHelper.invokeMethod(MethodInvocationHelper.java:124)
at org.testng.internal.Invoker.invokeMethod(Invoker.java:583)
at org.testng.internal.Invoker.invokeTestMethod(Invoker.java:719)
at org.testng.internal.TestMethodWithDataProviderMethodWorker.call(TestMethodWithDataProviderMethodWorker.java:71)
at org.testng.internal.TestMethodWithDataProviderMethodWorker.call(TestMethodWithDataProviderMethodWorker.java:14)
at java.base/java.util.concurrent.FutureTask.run(FutureTask.java:264)
at java.base/java.util.concurrent.Executors$RunnableAdapter.call(Executors.java:515)
at java.base/java.util.concurrent.FutureTask.run(FutureTask.java:264)
at java.base/java.util.concurrent.ThreadPoolExecutor.runWorker(ThreadPoolExecutor.java:1128)
at java.base/java.util.concurrent.ThreadPoolExecutor$Worker.run(ThreadPoolExecutor.java:628)
at java.base/java.lang.Thread.run(Thread.java:834)
]]>
            </full-stacktrace>
          </exception> <!-- java.lang.ClassCastException -->
          <reporter-output>
          </reporter-output>
        </test-method> <!-- runScenario -->
        <test-method signature="runScenario(io.cucumber.testng.PickleWrapper, io.cucumber.testng.FeatureWrapper)[pri:0, instance:parallel.ParallelRun@145f66e3]" started-at="2021-03-02T13:27:23Z" name="runScenario" description="Runs Cucumber Scenarios" data-provider="scenarios" finished-at="2021-03-02T13:27:58Z" duration-ms="35036" status="PASS">
          <params>
            <param index="0">
              <value>
                <![CDATA["Contactus to submit"]]>
              </value>
            </param>
            <param index="1">
              <value>
                <![CDATA["Optional[To Test Contactus]"]]>
              </value>
            </param>
          </params>
          <reporter-output>
          </reporter-output>
        </test-method> <!-- runScenario -->
        <test-method signature="runScenario(io.cucumber.testng.PickleWrapper, io.cucumber.testng.FeatureWrapper)[pri:0, instance:parallel.ParallelRun@145f66e3]" started-at="2021-03-02T13:27:23Z" name="runScenario" description="Runs Cucumber Scenarios" data-provider="scenarios" finished-at="2021-03-02T13:27:49Z" duration-ms="26328" status="PASS">
          <params>
            <param index="0">
              <value>
                <![CDATA["Invalid User Login into the Application"]]>
              </value>
            </param>
            <param index="1">
              <value>
                <![CDATA["Optional[To Test Login of the application]"]]>
              </value>
            </param>
          </params>
          <reporter-output>
          </reporter-output>
        </test-method> <!-- runScenario -->
        <test-method signature="runScenario(io.cucumber.testng.PickleWrapper, io.cucumber.testng.FeatureWrapper)[pri:0, instance:parallel.ParallelRun@145f66e3]" started-at="2021-03-02T13:27:23Z" name="runScenario" description="Runs Cucumber Scenarios" data-provider="scenarios" finished-at="2021-03-02T13:27:45Z" duration-ms="21753" status="PASS">
          <params>
            <param index="0">
              <value>
                <![CDATA["Valid User Login into the Application"]]>
              </value>
            </param>
            <param index="1">
              <value>
                <![CDATA["Optional[To Test Login of the application]"]]>
              </value>
            </param>
          </params>
          <reporter-output>
          </reporter-output>
        </test-method> <!-- runScenario -->
        <test-method is-config="true" signature="tearDownClass()[pri:0, instance:parallel.ParallelRun@145f66e3]" started-at="2021-03-02T13:27:58Z" name="tearDownClass" finished-at="2021-03-02T13:28:13Z" duration-ms="14899" status="PASS">
          <reporter-output>
          </reporter-output>
        </test-method> <!-- tearDownClass -->
      </class> <!-- parallel.ParallelRun -->
    </test> <!-- Surefire test -->
  </suite> <!-- Surefire suite -->
</testng-results>
